<?xml version='1.0' encoding='UTF-8'?>
<testsuite hostname="DESKTOP-CCEL0AB" name="tests.UnionFindSpec" tests="2" errors="0" failures="0" skipped="0" time="7.295" timestamp="2024-09-27T11:54:27">
          <properties>
[...]
</properties>
          <testcase classname="tests.UnionFindSpec" name="The solve method should be correct" time="0.02">
                      
                    </testcase><testcase classname="tests.UnionFindSpec" name="The solve method should correct and efficient" time="7.275">
                      
                    </testcase>
          <system-out><![CDATA[]]></system-out>
          <system-err><![CDATA[]]></system-err>
        </testsuite>