<?xml version='1.0' encoding='UTF-8'?>
<testsuite hostname="DESKTOP-CCEL0AB" name="tests.RadixSortSpec" tests="6" errors="0" failures="2" skipped="0" time="28.825" timestamp="2024-09-20T13:31:58">
          <properties>
[...]
</properties>
          <testcase classname="tests.RadixSortSpec" name="The lsdRadixSort method should work correctly on arrays of non-negative integers" time="0.042">
                      
                    </testcase><testcase classname="tests.RadixSortSpec" name="The lsdRadixSort method should be faster than java.util.Arrays.sort on large arrays of non-negative integers" time="10.511">
                      
                    </testcase><testcase classname="tests.RadixSortSpec" name="The lsdRadixSort method should work correctly on arrays of arbitrary integers" time="0.038">
                      <failure message="At index 0: 1068428590 was not equal to -531966094" type="org.scalatest.exceptions.TestFailedException">org.scalatest.exceptions.TestFailedException: At index 0: 1068428590 was not equal to -531966094
	at org.scalatest.matchers.MatchersHelper$.indicateFailure(MatchersHelper.scala:392)
	at org.scalatest.matchers.should.Matchers.shouldBe(Matchers.scala:7017)
	at org.scalatest.matchers.should.Matchers.shouldBe$(Matchers.scala:1808)
	at tests.RadixSortSpec.shouldBe(RadixSortSpec.scala:25)
	at tests.RadixSortSpec.testFun$proxy3$1$$anonfun$1$$anonfun$1$$anonfun$1(RadixSortSpec.scala:107)
	at org.scalatest.Assertions.withClue(Assertions.scala:1208)
	at org.scalatest.Assertions.withClue$(Assertions.scala:421)
	at org.scalatest.flatspec.AnyFlatSpec.withClue(AnyFlatSpec.scala:1685)
	at tests.RadixSortSpec.testFun$proxy3$1$$anonfun$1$$anonfun$1(RadixSortSpec.scala:108)
	at tests.RadixSortSpec.testFun$proxy3$1$$anonfun$1$$anonfun$adapted$1(RadixSortSpec.scala:108)
	at scala.collection.immutable.Range.foreach(Range.scala:190)
	at tests.RadixSortSpec.testFun$proxy3$1$$anonfun$1(RadixSortSpec.scala:108)
	at scala.runtime.java8.JFunction1$mcVI$sp.apply(JFunction1$mcVI$sp.scala:18)
	at scala.collection.immutable.Range.foreach(Range.scala:190)
	at tests.RadixSortSpec.testFun$proxy3$1(RadixSortSpec.scala:108)
	at tests.RadixSortSpec.$init$$$anonfun$3(RadixSortSpec.scala:97)
	at org.scalatest.Transformer.apply$$anonfun$1(Transformer.scala:22)
	at org.scalatest.OutcomeOf.outcomeOf(OutcomeOf.scala:85)
	at org.scalatest.OutcomeOf.outcomeOf$(OutcomeOf.scala:31)
	at org.scalatest.OutcomeOf$.outcomeOf(OutcomeOf.scala:104)
	at org.scalatest.Transformer.apply(Transformer.scala:22)
	at org.scalatest.Transformer.apply(Transformer.scala:21)
	at org.scalatest.flatspec.AnyFlatSpecLike$$anon$5.apply(AnyFlatSpecLike.scala:1717)
	at org.scalatest.TestSuite.withFixture(TestSuite.scala:196)
	at org.scalatest.TestSuite.withFixture$(TestSuite.scala:138)
	at org.scalatest.flatspec.AnyFlatSpec.withFixture(AnyFlatSpec.scala:1685)
	at org.scalatest.flatspec.AnyFlatSpecLike.invokeWithFixture$1(AnyFlatSpecLike.scala:1723)
	at org.scalatest.flatspec.AnyFlatSpecLike.runTest$$anonfun$1(AnyFlatSpecLike.scala:1727)
	at org.scalatest.SuperEngine.runTestImpl(Engine.scala:306)
	at org.scalatest.flatspec.AnyFlatSpecLike.runTest(AnyFlatSpecLike.scala:1727)
	at org.scalatest.flatspec.AnyFlatSpecLike.runTest$(AnyFlatSpecLike.scala:51)
	at org.scalatest.flatspec.AnyFlatSpec.runTest(AnyFlatSpec.scala:1685)
	at org.scalatest.flatspec.AnyFlatSpecLike.runTests$$anonfun$1(AnyFlatSpecLike.scala:1785)
	at org.scalatest.SuperEngine.traverseSubNodes$1$$anonfun$1(Engine.scala:413)
	at scala.runtime.function.JProcedure1.apply(JProcedure1.java:15)
	at scala.runtime.function.JProcedure1.apply(JProcedure1.java:10)
	at scala.collection.immutable.List.foreach(List.scala:333)
	at org.scalatest.SuperEngine.traverseSubNodes$1(Engine.scala:429)
	at org.scalatest.SuperEngine.runTestsInBranch(Engine.scala:390)
	at org.scalatest.SuperEngine.traverseSubNodes$1$$anonfun$1(Engine.scala:427)
	at scala.runtime.function.JProcedure1.apply(JProcedure1.java:15)
	at scala.runtime.function.JProcedure1.apply(JProcedure1.java:10)
	at scala.collection.immutable.List.foreach(List.scala:333)
	at org.scalatest.SuperEngine.traverseSubNodes$1(Engine.scala:429)
	at org.scalatest.SuperEngine.runTestsInBranch(Engine.scala:396)
	at org.scalatest.SuperEngine.runTestsImpl(Engine.scala:475)
	at org.scalatest.flatspec.AnyFlatSpecLike.runTests(AnyFlatSpecLike.scala:1785)
	at org.scalatest.flatspec.AnyFlatSpecLike.runTests$(AnyFlatSpecLike.scala:51)
	at org.scalatest.flatspec.AnyFlatSpec.runTests(AnyFlatSpec.scala:1685)
	at org.scalatest.Suite.run(Suite.scala:1114)
	at org.scalatest.Suite.run$(Suite.scala:564)
	at org.scalatest.flatspec.AnyFlatSpec.org$scalatest$flatspec$AnyFlatSpecLike$$super$run(AnyFlatSpec.scala:1685)
	at org.scalatest.flatspec.AnyFlatSpecLike.run$$anonfun$1(AnyFlatSpecLike.scala:1830)
	at org.scalatest.SuperEngine.runImpl(Engine.scala:535)
	at org.scalatest.flatspec.AnyFlatSpecLike.run(AnyFlatSpecLike.scala:1830)
	at org.scalatest.flatspec.AnyFlatSpecLike.run$(AnyFlatSpecLike.scala:51)
	at org.scalatest.flatspec.AnyFlatSpec.run(AnyFlatSpec.scala:1685)
	at org.scalatest.tools.Framework.org$scalatest$tools$Framework$$runSuite(Framework.scala:321)
	at org.scalatest.tools.Framework$ScalaTestTask.execute(Framework.scala:517)
	at sbt.TestRunner.runTest$1(TestFramework.scala:151)
	at sbt.TestRunner.run(TestFramework.scala:166)
	at sbt.TestFramework$$anon$3$$anonfun$$lessinit$greater$1.$anonfun$apply$1(TestFramework.scala:334)
	at sbt.TestFramework$.sbt$TestFramework$$withContextLoader(TestFramework.scala:294)
	at sbt.TestFramework$$anon$3$$anonfun$$lessinit$greater$1.apply(TestFramework.scala:334)
	at sbt.TestFramework$$anon$3$$anonfun$$lessinit$greater$1.apply(TestFramework.scala:334)
	at sbt.TestFunction.apply(TestFramework.scala:346)
	at sbt.Tests$.processRunnable$1(Tests.scala:474)
	at sbt.Tests$.$anonfun$makeSerial$1(Tests.scala:480)
	at sbt.std.Transform$$anon$3.$anonfun$apply$2(Transform.scala:46)
	at sbt.std.Transform$$anon$4.work(Transform.scala:68)
	at sbt.Execute.$anonfun$submit$2(Execute.scala:282)
	at sbt.internal.util.ErrorHandling$.wideConvert(ErrorHandling.scala:23)
	at sbt.Execute.work(Execute.scala:291)
	at sbt.Execute.$anonfun$submit$1(Execute.scala:282)
	at sbt.ConcurrentRestrictions$$anon$4.$anonfun$submitValid$1(ConcurrentRestrictions.scala:265)
	at sbt.CompletionService$$anon$2.call(CompletionService.scala:64)
	at java.base/java.util.concurrent.FutureTask.run(FutureTask.java:317)
	at java.base/java.util.concurrent.Executors$RunnableAdapter.call(Executors.java:572)
	at java.base/java.util.concurrent.FutureTask.run(FutureTask.java:317)
	at java.base/java.util.concurrent.ThreadPoolExecutor.runWorker(ThreadPoolExecutor.java:1144)
	at java.base/java.util.concurrent.ThreadPoolExecutor$Worker.run(ThreadPoolExecutor.java:642)
	at java.base/java.lang.Thread.run(Thread.java:1570)
</failure>
                    </testcase><testcase classname="tests.RadixSortSpec" name="The lsdRadixSort method should be faster than java.util.Arrays.sort on large arrays of arbitrary integers" time="0.523">
                      <failure message="At index 0: 1069 was not equal to -2147483208" type="org.scalatest.exceptions.TestFailedException">org.scalatest.exceptions.TestFailedException: At index 0: 1069 was not equal to -2147483208
	at org.scalatest.matchers.MatchersHelper$.indicateFailure(MatchersHelper.scala:392)
	at org.scalatest.matchers.should.Matchers.shouldBe(Matchers.scala:7017)
	at org.scalatest.matchers.should.Matchers.shouldBe$(Matchers.scala:1808)
	at tests.RadixSortSpec.shouldBe(RadixSortSpec.scala:25)
	at tests.RadixSortSpec.compareSortAndRadix$$anonfun$1$$anonfun$1$$anonfun$1(RadixSortSpec.scala:49)
	at org.scalatest.Assertions.withClue(Assertions.scala:1208)
	at org.scalatest.Assertions.withClue$(Assertions.scala:421)
	at org.scalatest.flatspec.AnyFlatSpec.withClue(AnyFlatSpec.scala:1685)
	at tests.RadixSortSpec.compareSortAndRadix$$anonfun$1$$anonfun$1(RadixSortSpec.scala:50)
	at tests.RadixSortSpec.compareSortAndRadix$$anonfun$1$$anonfun$adapted$1(RadixSortSpec.scala:50)
	at scala.collection.immutable.Range.foreach(Range.scala:190)
	at tests.RadixSortSpec.compareSortAndRadix$$anonfun$1(RadixSortSpec.scala:50)
	at tests.RadixSortSpec.compareSortAndRadix$$anonfun$adapted$1(RadixSortSpec.scala:52)
	at scala.collection.immutable.Range.foreach(Range.scala:190)
	at tests.RadixSortSpec.compareSortAndRadix(RadixSortSpec.scala:52)
	at tests.RadixSortSpec.testFun$proxy4$1(RadixSortSpec.scala:117)
	at tests.RadixSortSpec.$init$$$anonfun$4(RadixSortSpec.scala:112)
	at org.scalatest.Transformer.apply$$anonfun$1(Transformer.scala:22)
	at org.scalatest.OutcomeOf.outcomeOf(OutcomeOf.scala:85)
	at org.scalatest.OutcomeOf.outcomeOf$(OutcomeOf.scala:31)
	at org.scalatest.OutcomeOf$.outcomeOf(OutcomeOf.scala:104)
	at org.scalatest.Transformer.apply(Transformer.scala:22)
	at org.scalatest.Transformer.apply(Transformer.scala:21)
	at org.scalatest.flatspec.AnyFlatSpecLike$$anon$5.apply(AnyFlatSpecLike.scala:1717)
	at org.scalatest.TestSuite.withFixture(TestSuite.scala:196)
	at org.scalatest.TestSuite.withFixture$(TestSuite.scala:138)
	at org.scalatest.flatspec.AnyFlatSpec.withFixture(AnyFlatSpec.scala:1685)
	at org.scalatest.flatspec.AnyFlatSpecLike.invokeWithFixture$1(AnyFlatSpecLike.scala:1723)
	at org.scalatest.flatspec.AnyFlatSpecLike.runTest$$anonfun$1(AnyFlatSpecLike.scala:1727)
	at org.scalatest.SuperEngine.runTestImpl(Engine.scala:306)
	at org.scalatest.flatspec.AnyFlatSpecLike.runTest(AnyFlatSpecLike.scala:1727)
	at org.scalatest.flatspec.AnyFlatSpecLike.runTest$(AnyFlatSpecLike.scala:51)
	at org.scalatest.flatspec.AnyFlatSpec.runTest(AnyFlatSpec.scala:1685)
	at org.scalatest.flatspec.AnyFlatSpecLike.runTests$$anonfun$1(AnyFlatSpecLike.scala:1785)
	at org.scalatest.SuperEngine.traverseSubNodes$1$$anonfun$1(Engine.scala:413)
	at scala.runtime.function.JProcedure1.apply(JProcedure1.java:15)
	at scala.runtime.function.JProcedure1.apply(JProcedure1.java:10)
	at scala.collection.immutable.List.foreach(List.scala:333)
	at org.scalatest.SuperEngine.traverseSubNodes$1(Engine.scala:429)
	at org.scalatest.SuperEngine.runTestsInBranch(Engine.scala:390)
	at org.scalatest.SuperEngine.traverseSubNodes$1$$anonfun$1(Engine.scala:427)
	at scala.runtime.function.JProcedure1.apply(JProcedure1.java:15)
	at scala.runtime.function.JProcedure1.apply(JProcedure1.java:10)
	at scala.collection.immutable.List.foreach(List.scala:333)
	at org.scalatest.SuperEngine.traverseSubNodes$1(Engine.scala:429)
	at org.scalatest.SuperEngine.runTestsInBranch(Engine.scala:396)
	at org.scalatest.SuperEngine.runTestsImpl(Engine.scala:475)
	at org.scalatest.flatspec.AnyFlatSpecLike.runTests(AnyFlatSpecLike.scala:1785)
	at org.scalatest.flatspec.AnyFlatSpecLike.runTests$(AnyFlatSpecLike.scala:51)
	at org.scalatest.flatspec.AnyFlatSpec.runTests(AnyFlatSpec.scala:1685)
	at org.scalatest.Suite.run(Suite.scala:1114)
	at org.scalatest.Suite.run$(Suite.scala:564)
	at org.scalatest.flatspec.AnyFlatSpec.org$scalatest$flatspec$AnyFlatSpecLike$$super$run(AnyFlatSpec.scala:1685)
	at org.scalatest.flatspec.AnyFlatSpecLike.run$$anonfun$1(AnyFlatSpecLike.scala:1830)
	at org.scalatest.SuperEngine.runImpl(Engine.scala:535)
	at org.scalatest.flatspec.AnyFlatSpecLike.run(AnyFlatSpecLike.scala:1830)
	at org.scalatest.flatspec.AnyFlatSpecLike.run$(AnyFlatSpecLike.scala:51)
	at org.scalatest.flatspec.AnyFlatSpec.run(AnyFlatSpec.scala:1685)
	at org.scalatest.tools.Framework.org$scalatest$tools$Framework$$runSuite(Framework.scala:321)
	at org.scalatest.tools.Framework$ScalaTestTask.execute(Framework.scala:517)
	at sbt.TestRunner.runTest$1(TestFramework.scala:151)
	at sbt.TestRunner.run(TestFramework.scala:166)
	at sbt.TestFramework$$anon$3$$anonfun$$lessinit$greater$1.$anonfun$apply$1(TestFramework.scala:334)
	at sbt.TestFramework$.sbt$TestFramework$$withContextLoader(TestFramework.scala:294)
	at sbt.TestFramework$$anon$3$$anonfun$$lessinit$greater$1.apply(TestFramework.scala:334)
	at sbt.TestFramework$$anon$3$$anonfun$$lessinit$greater$1.apply(TestFramework.scala:334)
	at sbt.TestFunction.apply(TestFramework.scala:346)
	at sbt.Tests$.processRunnable$1(Tests.scala:474)
	at sbt.Tests$.$anonfun$makeSerial$1(Tests.scala:480)
	at sbt.std.Transform$$anon$3.$anonfun$apply$2(Transform.scala:46)
	at sbt.std.Transform$$anon$4.work(Transform.scala:68)
	at sbt.Execute.$anonfun$submit$2(Execute.scala:282)
	at sbt.internal.util.ErrorHandling$.wideConvert(ErrorHandling.scala:23)
	at sbt.Execute.work(Execute.scala:291)
	at sbt.Execute.$anonfun$submit$1(Execute.scala:282)
	at sbt.ConcurrentRestrictions$$anon$4.$anonfun$submitValid$1(ConcurrentRestrictions.scala:265)
	at sbt.CompletionService$$anon$2.call(CompletionService.scala:64)
	at java.base/java.util.concurrent.FutureTask.run(FutureTask.java:317)
	at java.base/java.util.concurrent.Executors$RunnableAdapter.call(Executors.java:572)
	at java.base/java.util.concurrent.FutureTask.run(FutureTask.java:317)
	at java.base/java.util.concurrent.ThreadPoolExecutor.runWorker(ThreadPoolExecutor.java:1144)
	at java.base/java.util.concurrent.ThreadPoolExecutor$Worker.run(ThreadPoolExecutor.java:642)
	at java.base/java.lang.Thread.run(Thread.java:1570)
</failure>
                    </testcase><testcase classname="tests.RadixSortSpec" name="The lsdRadixSort method should be at most 3 times slower than java.util.Arrays.sort on large arrays of non-negative integers drawn from a small set (not included in the grader)" time="7.171">
                      
                    </testcase><testcase classname="tests.RadixSortSpec" name="The lsdRadixSort method should be faster than java.util.Arrays.sort on large almost-sorted arrays of non-negative integers (not included in the grader)" time="10.54">
                      
                    </testcase>
          <system-out><![CDATA[]]></system-out>
          <system-err><![CDATA[]]></system-err>
        </testsuite>